[ 2013-10-25T19:24:32+08:00 ] 0.0.0.0 /awc-jp/admin.php
INFO: [ app_begin ] --START--
INFO: ReadHtmlCache Behavior ::run [ RunTime:0.001906s ]
INFO: [ app_begin ] --END-- [ RunTime:0.002394s ]
INFO: [ view_parse ] --START--
INFO: ParseTemplate Behavior ::run [ RunTime:0.002532s ]
INFO: [ view_parse ] --END-- [ RunTime:0.002690s ]
INFO: [ view_filter ] --START--
NOTIC: [8] Use of undefined constant APP_TMPL_PATH - assumed 'APP_TMPL_PATH' C:\wamp\www\awc-jp\ThinkPHP\Lib\Behavior\ContentReplaceBehavior.class.php 第 40 行.
NOTIC: [8] Use of undefined constant APP_TMPL_PATH - assumed 'APP_TMPL_PATH' C:\wamp\www\awc-jp\ThinkPHP\Lib\Behavior\ContentReplaceBehavior.class.php 第 47 行.
INFO: ContentReplace Behavior ::run [ RunTime:0.001542s ]
INFO: TokenBuild Behavior ::run [ RunTime:0.001363s ]
INFO: WriteHtmlCache Behavior ::run [ RunTime:0.001402s ]
INFO: ShowRuntime Behavior ::run [ RunTime:0.001336s ]
INFO: [ view_filter ] --END-- [ RunTime:0.005991s ]
INFO: [ view_end ] --START--
INFO: ShowPageTrace Behavior ::run [ RunTime:0.001802s ]
INFO: [ view_end ] --END-- [ RunTime:0.001935s ]

[ 2013-10-25T19:24:37+08:00 ] 0.0.0.0 /awc-jp/admin.php/login
INFO: [ route_check ] --START--
INFO: CheckRoute Behavior ::run [ RunTime:0.002325s ]
INFO: [ route_check ] --END-- [ RunTime:0.002554s ]
INFO: [ app_begin ] --START--
INFO: ReadHtmlCache Behavior ::run [ RunTime:0.000972s ]
INFO: [ app_begin ] --END-- [ RunTime:0.001110s ]
ERR: 无法加载模块:login

